[tenceremidye.webflow.io/index.html]
[backblue.gif]
[fade.gif]
[index.html]
[uploads-ssl.webflow.com/5d3819c2c65d403ab61fe6cd/css/tenceremidye.webflow.b22722edf.css]
[ajax.googleapis.com/ajax/libs/webfont/1.6.26/webfont.js]
[uploads-ssl.webflow.com/5d3819c2c65d403ab61fe6cd/5d39838c872e331a6cb5bdc0_icon.png]
[uploads-ssl.webflow.com/5d3819c2c65d403ab61fe6cd/5d3983c308f9f5d7649a4026_clip.png]
[code.jquery.com/jquery-3.4.1.min.js]
[uploads-ssl.webflow.com/5d3819c2c65d403ab61fe6cd/5d38248bc65d40b464206a96_logo-white.png]
[uploads-ssl.webflow.com/5d3819c2c65d403ab61fe6cd/5d3da99cb1eba4bb6d1caf2a_welcome.jpg]
[uploads-ssl.webflow.com/5d3819c2c65d403ab61fe6cd/5d3da99c4401a55a48ea969f_tezgahtan-midye.jpg]
[uploads-ssl.webflow.com/5d3819c2c65d403ab61fe6cd/5d3da99cc89f6a42db274703_tencere-midye.jpg]
[uploads-ssl.webflow.com/5d3819c2c65d403ab61fe6cd/5d3da99b4401a57d67ea969d_baharatli-midye.jpg]
[uploads-ssl.webflow.com/5d3819c2c65d403ab61fe6cd/5d3da99b73102cbf35c2cd98_soslu-midye.jpg]
[uploads-ssl.webflow.com/5d3819c2c65d403ab61fe6cd/5d3da99c850abc5c01c29f2d_zeytinyagli-midye.jpg]
[uploads-ssl.webflow.com/5d3819c2c65d403ab61fe6cd/5d3da99acb7dfd619bf3e14e_midye-tava.jpg]
[uploads-ssl.webflow.com/5d3819c2c65d403ab61fe6cd/5d382352c65d40007e205e37_photo.jpg]
[uploads-ssl.webflow.com/5d3819c2c65d403ab61fe6cd/5d3da99bcb7dfd4a28f3e15b_pilav.jpg]
[uploads-ssl.webflow.com/5d3819c2c65d403ab61fe6cd/5d3da99c4401a5181bea969e_tavuk-pilav.jpg]
[uploads-ssl.webflow.com/5d3819c2c65d403ab61fe6cd/5d3da99bc89f6aafd6274702_midyeli-pilav.jpg]
[uploads-ssl.webflow.com/5d3819c2c65d403ab61fe6cd/5d3da99bb1eba4187e1caf1e_kokorecli-pilav.jpg]
[uploads-ssl.webflow.com/5d3819c2c65d403ab61fe6cd/5d3dacfdcb7dfd166df3ee6d_halka-kokorec.jpg]
[uploads-ssl.webflow.com/5d3819c2c65d403ab61fe6cd/5d44ab0328d7ff37d2c7f1ca_bahcelievler.jpg]
[uploads-ssl.webflow.com/5d3819c2c65d403ab61fe6cd/5e3fe89c6615a6644c5d7c8a_DSCF3033.jpg]
[uploads-ssl.webflow.com/5d3819c2c65d403ab61fe6cd/5d39623f4f1ba6d6fb22f627_seyyarhane.png]
[d3e54v103j8qbb.cloudfront.net/js/jquery-3.4.1.min.220afd743d.js]
[tenceremidye.webflow.io/index.html]
[uploads-ssl.webflow.com/5d3819c2c65d403ab61fe6cd/js/webflow.03792957c.js]
[uploads-ssl.webflow.com/5d3819c2c65d403ab61fe6cd/5d3d89ce850abc9263c24714_lightpaperfibers_@2X.png]
[uploads-ssl.webflow.com/5d3819c2c65d403ab61fe6cd/5d44a22a0ae4a1d928db9815_MK4L8450.jpg]
[uploads-ssl.webflow.com/5d3819c2c65d403ab61fe6cd/css/tenceremidye.webflow.b22722edf.css]
[www.stadget.com/cdn/widget-init.min.html]
[tenceremidye.webflow.io/franchising.html]
